[2025-04-14 17:47:35] ERROR: [PANNE] Erreur création panne : Cast to ObjectId failed for value "67fd2d88f141c60ce9ca02d" (type string) at path "_id" for model "Utilisateur"
[2025-04-14 17:47:43] ERROR: [PANNE] Erreur création panne : Cast to ObjectId failed for value "67fd2d88f141c60ce9ca02dk" (type string) at path "_id" for model "Utilisateur"
[2025-04-14 17:48:06] ERROR: [PANNE] Erreur création panne : Cast to ObjectId failed for value "67fd2d88f141c60ce9ca02dl" (type string) at path "_id" for model "Utilisateur"
[2025-04-14 18:27:49] ERROR: [PANNE] Erreur création panne : Cast to ObjectId failed for value "67fd230bb2b5b463bbd5736o" (type string) at path "_id" for model "Utilisateur"
[2025-04-14 22:49:36] ERROR: [REGISTER] Erreur serveur: Utilisateur validation failed: role: `responsable` is not a valid enum value for path `role`.
[2025-04-15 00:45:14] ERROR: [REGISTER] Erreur serveur: Utilisateur validation failed: role: `ok` is not a valid enum value for path `role`.
[2025-04-23 10:33:10] ERROR: [INTERVENTION] Erreur récupération intervention : Cast to ObjectId failed for value "filter" (type string) at path "_id" for model "Intervention"
[2025-04-23 10:35:11] ERROR: [INTERVENTION] Erreur récupération intervention : Cast to ObjectId failed for value "filter" (type string) at path "_id" for model "Intervention"
[2025-04-23 10:36:54] ERROR: [INTERVENTION] Erreur récupération intervention : Cast to ObjectId failed for value "filter" (type string) at path "_id" for model "Intervention"
[2025-04-23 10:52:31] ERROR: [INTERVENTION] Erreur création : Intervention validation failed: type: Path `type` is required.
[2025-04-23 10:53:14] ERROR: [INTERVENTION] Erreur création : Intervention validation failed: type: Path `type` is required.
[2025-04-23 10:58:50] ERROR: [INTERVENTION] Erreur création : Intervention validation failed: type: Path `type` is required.
[2025-04-23 11:01:39] ERROR: [LOGIN] Erreur serveur: Utilisateur validation failed: role: `RESPONSABLE` is not a valid enum value for path `role`.
[2025-04-23 11:04:42] ERROR: [INTERVENTION] Erreur lors du filtrage des interventions : mongoose is not defined
[2025-04-23 12:55:57] ERROR: [INTERVENTION] Erreur récupération intervention : Cast to ObjectId failed for value "schedule" (type string) at path "_id" for model "Intervention"
[2025-04-23 12:56:29] ERROR: [INTERVENTION] Erreur récupération intervention : Cast to ObjectId failed for value "schedule" (type string) at path "_id" for model "Intervention"
[2025-04-23 12:58:04] ERROR: [INTERVENTION] Erreur récupération intervention : Cast to ObjectId failed for value "schedule" (type string) at path "_id" for model "Intervention"
[2025-04-23 13:01:12] ERROR: [INTERVENTION] Erreur récupération intervention : Cast to ObjectId failed for value "schedule" (type string) at path "_id" for model "Intervention"
[2025-04-23 13:05:23] ERROR: [INTERVENTION] Erreur récupération intervention : Cast to ObjectId failed for value "schedule" (type string) at path "_id" for model "Intervention"
[2025-04-23 13:24:51] ERROR: [INTERVENTION] Erreur récupération intervention : Cast to ObjectId failed for value "schedule" (type string) at path "_id" for model "Intervention"
[2025-04-23 13:34:49] ERROR: [INTERVENTION] Erreur récupération intervention : Cast to ObjectId failed for value "schedule" (type string) at path "_id" for model "Intervention"
[2025-04-23 13:35:30] ERROR: [INTERVENTION] Erreur récupération intervention : Cast to ObjectId failed for value "schedule" (type string) at path "_id" for model "Intervention"
[2025-04-23 13:47:40] ERROR: [INTERVENTION] Erreur récupération intervention : Cast to ObjectId failed for value "schedule" (type string) at path "_id" for model "Intervention"
[2025-04-23 13:47:53] ERROR: [INTERVENTION] Erreur récupération intervention : Cast to ObjectId failed for value "schedule" (type string) at path "_id" for model "Intervention"
[2025-04-23 13:48:51] ERROR: [INTERVENTION] Erreur récupération intervention : Cast to ObjectId failed for value "schedule" (type string) at path "_id" for model "Intervention"
[2025-04-23 13:48:55] ERROR: [INTERVENTION] Erreur récupération intervention : Cast to ObjectId failed for value "schedule" (type string) at path "_id" for model "Intervention"
[2025-04-23 13:49:11] ERROR: [INTERVENTION] Erreur récupération intervention : Cast to ObjectId failed for value "schedule" (type string) at path "_id" for model "Intervention"
[2025-04-23 13:49:35] ERROR: [INTERVENTION] Erreur récupération intervention : Cast to ObjectId failed for value "schedule" (type string) at path "_id" for model "Intervention"
[2025-04-23 13:57:37] ERROR: [INTERVENTION] Erreur récupération intervention : Cast to ObjectId failed for value "schedule" (type string) at path "_id" for model "Intervention"
[2025-04-23 13:58:39] ERROR: [INTERVENTION] Erreur récupération intervention : Cast to ObjectId failed for value "schedule" (type string) at path "_id" for model "Intervention"
[2025-04-23 14:00:22] ERROR: [INTERVENTION] Erreur récupération intervention : Cast to ObjectId failed for value "schedule" (type string) at path "_id" for model "Intervention"
[2025-04-23 14:02:34] ERROR: [INTERVENTION] Erreur récupération intervention : Cast to ObjectId failed for value "schedule" (type string) at path "_id" for model "Intervention"
[2025-04-23 14:02:35] ERROR: [INTERVENTION] Erreur récupération intervention : Cast to ObjectId failed for value "schedule" (type string) at path "_id" for model "Intervention"
[2025-04-23 14:05:19] ERROR: [INTERVENTION] Erreur récupération intervention : Cast to ObjectId failed for value "schedule" (type string) at path "_id" for model "Intervention"
[2025-04-24 16:13:35] ERROR: [LOGIN] Erreur serveur: Impossible de générer les tokens.
[2025-04-24 16:14:06] ERROR: [LOGIN] Erreur serveur: Impossible de générer les tokens.
[2025-04-24 16:14:07] ERROR: [LOGIN] Erreur serveur: Impossible de générer les tokens.
[2025-04-24 16:21:54] ERROR: [PIECE] Erreur lors de la vérification du stock bas : Cannot read properties of undefined (reading 'email')
[2025-04-24 16:23:19] ERROR: [PIECE] Erreur lors de la vérification du stock bas : Cannot read properties of undefined (reading 'email')
[2025-04-24 16:23:44] ERROR: [PIECE] Erreur lors de la vérification du stock bas : Cannot read properties of undefined (reading 'email')
[2025-04-24 16:24:14] ERROR: [PIECE] Erreur lors de la vérification du stock bas : Cannot read properties of undefined (reading 'email')
[2025-04-24 16:36:05] ERROR: [LOGIN] Erreur serveur: Impossible de générer les tokens.
[2025-04-24 17:11:08] ERROR: [COMMANDE] Erreur validation commande : Commande validation failed: statut: `validée` is not a valid enum value for path `statut`.
[2025-04-24 17:13:16] ERROR: [COMMANDE] Erreur récupération commande : Cast to ObjectId failed for value "etat" (type string) at path "_id" for model "Commande"
[2025-04-24 21:10:00] ERROR: [DEMANDE] Erreur vérification disponibilité des pièces : Cannot populate path `pieces.pieceId` because it is not in your schema. Set the `strictPopulate` option to false to override.
[2025-04-27 16:12:44] ERROR: [PIECE] Erreur récupération pièce ID most-used : Cast to ObjectId failed for value "most-used" (type string) at path "_id" for model "PieceRechange"
[2025-05-02 02:01:16] ERROR: [REGISTER] Erreur serveur: Utilisateur validation failed: nom: Path `nom` is required., prenom: Path `prenom` is required., email: Path `email` is required., role: Path `role` is required.
[2025-05-02 02:04:10] ERROR: [REGISTER] Erreur serveur: Utilisateur validation failed: nom: Path `nom` is required., prenom: Path `prenom` is required., email: Path `email` is required., role: Path `role` is required.
[2025-05-02 02:08:14] ERROR: [REGISTER] Erreur serveur: Utilisateur validation failed: nom: Path `nom` is required., prenom: Path `prenom` is required., email: Path `email` is required., role: Path `role` is required.
[2025-05-07 09:45:27] ERROR: [PANNE] Erreur déclaration panne : Cannot read properties of undefined (reading 'id')
[2025-05-07 09:47:40] ERROR: [PANNE] Erreur déclaration panne : Cannot read properties of undefined (reading 'id')
[2025-05-07 09:47:41] ERROR: [PANNE] Erreur déclaration panne : Cannot read properties of undefined (reading 'id')
[2025-05-07 09:47:43] ERROR: [PANNE] Erreur déclaration panne : Cannot read properties of undefined (reading 'id')
[2025-05-07 09:50:16] ERROR: [PANNE] Erreur déclaration panne : Cannot read properties of undefined (reading 'id')
[2025-05-07 09:54:03] ERROR: [PANNE] Erreur déclaration panne : Cannot read properties of undefined (reading 'id')
[2025-05-12 00:55:40] ERROR: [PANNE] Erreur confirmation résolution panne : Panne validation failed: etat: `resolue` is not a valid enum value for path `etat`.
[2025-05-12 00:58:58] ERROR: [PANNE] Erreur confirmation résolution panne : Panne validation failed: etat: `resolue` is not a valid enum value for path `etat`.
[2025-05-12 11:51:36] ERROR: [DEMANDE] Erreur création demande : Demande validation failed: pieces.0.pieceId: Path `pieceId` is required., pieces.1.pieceId: Path `pieceId` is required.
[2025-05-12 11:52:56] ERROR: [DEMANDE] Erreur création demande : Demande validation failed: pieces.0.pieceId: Path `pieceId` is required., pieces.1.pieceId: Path `pieceId` is required.
[2025-05-12 11:56:56] ERROR: [DEMANDE] Erreur création demande : Demande validation failed: pieces.0.pieceId: Path `pieceId` is required., pieces.1.pieceId: Path `pieceId` is required.
[2025-05-12 11:57:33] ERROR: [DEMANDE] Erreur création demande : Demande validation failed: pieces.0.pieceId: Path `pieceId` is required., pieces.1.pieceId: Path `pieceId` is required.
[2025-05-12 12:00:13] ERROR: [DEMANDE] Erreur création demande : Demande validation failed: pieces.0.pieceId: Path `pieceId` is required., pieces.1.pieceId: Path `pieceId` is required.
[2025-05-12 12:02:47] ERROR: [DEMANDE] Erreur création demande : Demande validation failed: pieces.0.pieceId: Path `pieceId` is required., pieces.1.pieceId: Path `pieceId` is required.
[2025-05-12 12:04:11] ERROR: [DEMANDE] Erreur création demande : Demande validation failed: pieces.0.pieceId: Path `pieceId` is required., pieces.1.pieceId: Path `pieceId` is required.
[2025-05-12 12:06:37] ERROR: [PIECE] Erreur création pièce : Piece validation failed: etat: Path `etat` is required.
[2025-05-12 12:08:18] ERROR: [DEMANDE] Erreur création demande : Demande validation failed: pieces.0.pieceId: Path `pieceId` is required., pieces.1.pieceId: Path `pieceId` is required.
[2025-05-12 13:41:15] ERROR: [DEMANDE] Erreur création demande : Demande validation failed: pieces.0.pieceId: Path `pieceId` is required., pieces.1.pieceId: Path `pieceId` is required.
[2025-05-12 13:41:51] ERROR: [DEMANDE] Erreur création demande : Demande validation failed: pieces.0.pieceId: Path `pieceId` is required., pieces.1.pieceId: Path `pieceId` is required.
[2025-05-12 14:07:44] ERROR: [DEMANDE] Erreur création demande : sendEmail is not defined
[2025-05-12 17:05:28] ERROR: [DEMANDE] Erreur récupération demandes : Cannot populate path `pieces.pieceId` because it is not in your schema. Set the `strictPopulate` option to false to override.
[2025-05-12 17:05:28] ERROR: [DEMANDE] Erreur récupération demandes : Cannot populate path `pieces.pieceId` because it is not in your schema. Set the `strictPopulate` option to false to override.
[2025-05-12 17:14:00] ERROR: [DEMANDE] Erreur récupération demandes : Cannot read properties of undefined (reading '_id')
[2025-05-12 17:14:00] ERROR: [DEMANDE] Erreur récupération demandes : Cannot read properties of undefined (reading '_id')
[2025-05-12 17:18:33] ERROR: [DEMANDE] Erreur récupération demandes : Cannot populate path `pieces.pieceId` because it is not in your schema. Set the `strictPopulate` option to false to override.
[2025-05-12 17:18:33] ERROR: [DEMANDE] Erreur récupération demandes : Cannot populate path `pieces.pieceId` because it is not in your schema. Set the `strictPopulate` option to false to override.
[2025-05-12 17:22:56] ERROR: [DEMANDE] Erreur récupération demandes : Cannot populate path `pieces.pieceId` because it is not in your schema. Set the `strictPopulate` option to false to override.
[2025-05-12 17:22:56] ERROR: [DEMANDE] Erreur récupération demandes : Cannot populate path `pieces.pieceId` because it is not in your schema. Set the `strictPopulate` option to false to override.
[2025-05-12 17:38:18] ERROR: [DEMANDE] Erreur récupération demandes : Cannot read properties of null (reading '_id')
[2025-05-12 17:38:18] ERROR: [DEMANDE] Erreur récupération demandes : Cannot read properties of null (reading '_id')
[2025-05-12 19:43:08] ERROR: [INTERVENTION] Erreur récupération tâches assignées : Cast to ObjectId failed for value "undefined" (type string) at path "technicien" for model "Intervention"
[2025-05-12 19:43:08] ERROR: [INTERVENTION] Erreur récupération tâches assignées : Cast to ObjectId failed for value "undefined" (type string) at path "technicien" for model "Intervention"
[2025-05-12 19:45:10] ERROR: [INTERVENTION] Erreur récupération tâches assignées : Cast to ObjectId failed for value "undefined" (type string) at path "technicien" for model "Intervention"
[2025-05-12 19:45:10] ERROR: [INTERVENTION] Erreur récupération tâches assignées : Cast to ObjectId failed for value "undefined" (type string) at path "technicien" for model "Intervention"
[2025-05-12 19:47:43] ERROR: [INTERVENTION] Erreur récupération tâches assignées : Cast to ObjectId failed for value "undefined" (type string) at path "technicien" for model "Intervention"
[2025-05-12 19:47:43] ERROR: [INTERVENTION] Erreur récupération tâches assignées : Cast to ObjectId failed for value "undefined" (type string) at path "technicien" for model "Intervention"
[2025-05-12 22:56:51] ERROR: [INTERVENTION] Erreur récupération tâches assignées : Cast to ObjectId failed for value "undefined" (type string) at path "technicien" for model "Intervention"
[2025-05-12 22:56:51] ERROR: [INTERVENTION] Erreur récupération tâches assignées : Cast to ObjectId failed for value "undefined" (type string) at path "technicien" for model "Intervention"
[2025-05-12 23:11:50] ERROR: [INTERVENTION] Error assigning technician: technician is not defined
[2025-05-13 02:04:27] ERROR: [INTERVENTION] Erreur création rapport : Cast to ObjectId failed for value "681d34f046c437f8aa840f6d\t" (type string) at path "_id" for model "Intervention"
[2025-05-13 02:06:33] ERROR: [INTERVENTION] Erreur création rapport : Intervention validation failed: rapport: Cast to string failed for value "{
  piecesUtilisees: [ { nom: 'kkk', quantite: 3 } ],
  observations: 'hhhh',
  dateCreation: 2025-05-13T00:06:33.058Z
}" (type Object) at path "rapport", status: `terminée` is not a valid enum value for path `status`.
[2025-05-13 02:08:37] ERROR: [INTERVENTION] Erreur création rapport : Intervention validation failed: rapport: Cast to string failed for value "{
  piecesUtilisees: [ { nom: 'kkk', quantite: 3 } ],
  observations: 'hhh',
  dateCreation: 2025-05-13T00:08:37.615Z
}" (type Object) at path "rapport"
[2025-05-13 02:10:18] ERROR: [INTERVENTION] Erreur création rapport : Intervention validation failed: status: `terminée` is not a valid enum value for path `status`.
[2025-05-13 02:19:33] ERROR: [INTERVENTION] Erreur récupération tâches assignées : Cast to ObjectId failed for value "undefined" (type string) at path "technicien" for model "Intervention"
[2025-05-13 02:19:33] ERROR: [INTERVENTION] Erreur récupération tâches assignées : Cast to ObjectId failed for value "undefined" (type string) at path "technicien" for model "Intervention"
[2025-05-13 13:49:25] ERROR: [INTERVENTION] Erreur récupération tâches assignées : Cast to ObjectId failed for value "undefined" (type string) at path "technicien" for model "Intervention"
[2025-05-13 13:49:25] ERROR: [INTERVENTION] Erreur récupération tâches assignées : Cast to ObjectId failed for value "undefined" (type string) at path "technicien" for model "Intervention"
[2025-05-13 14:15:16] ERROR: [DEMANDE] Erreur validation demande : Demande validation failed: status: `validée` is not a valid enum value for path `status`., pieces.0.piece: Path `piece` is required.
[2025-05-13 14:15:17] ERROR: [DEMANDE] Erreur validation demande : Demande validation failed: status: `validée` is not a valid enum value for path `status`., pieces.0.piece: Path `piece` is required.
[2025-05-13 14:15:18] ERROR: [DEMANDE] Erreur rejet demande : Demande validation failed: status: `rejetée` is not a valid enum value for path `status`., pieces.0.piece: Path `piece` is required.
[2025-05-13 14:15:19] ERROR: [DEMANDE] Erreur validation demande : Demande validation failed: status: `validée` is not a valid enum value for path `status`., pieces.0.piece: Path `piece` is required.
[2025-05-13 14:15:48] ERROR: [DEMANDE] Erreur validation demande : Demande validation failed: status: `validée` is not a valid enum value for path `status`., pieces.0.piece: Path `piece` is required.
[2025-05-13 14:15:49] ERROR: [DEMANDE] Erreur validation demande : Demande validation failed: status: `validée` is not a valid enum value for path `status`., pieces.0.piece: Path `piece` is required.
[2025-05-13 14:33:28] ERROR: [DEMANDE] Erreur validation demande : Demande validation failed: status: `validée` is not a valid enum value for path `status`., pieces.0.piece: Path `piece` is required.
[2025-05-13 14:33:29] ERROR: [DEMANDE] Erreur validation demande : Demande validation failed: status: `validée` is not a valid enum value for path `status`., pieces.0.piece: Path `piece` is required.
[2025-05-13 14:33:44] ERROR: [DEMANDE] Erreur validation demande : Demande validation failed: status: `validée` is not a valid enum value for path `status`.
[2025-05-13 14:34:36] ERROR: [DEMANDE] Erreur rejet demande : Demande validation failed: status: `rejetée` is not a valid enum value for path `status`.
[2025-05-13 23:51:15] ERROR: [INTERVENTION] Erreur récupération tâches assignées : Cast to ObjectId failed for value "undefined" (type string) at path "technicien" for model "Intervention"
[2025-05-13 23:51:15] ERROR: [INTERVENTION] Erreur récupération tâches assignées : Cast to ObjectId failed for value "undefined" (type string) at path "technicien" for model "Intervention"
[2025-05-14 00:06:16] ERROR: [INTERVENTION] Erreur récupération tâches assignées : Cast to ObjectId failed for value "undefined" (type string) at path "technicien" for model "Intervention"
[2025-05-14 00:06:16] ERROR: [INTERVENTION] Erreur récupération tâches assignées : Cast to ObjectId failed for value "undefined" (type string) at path "technicien" for model "Intervention"
[2025-05-14 00:09:01] ERROR: [INTERVENTION] Erreur récupération tâches assignées : Cast to ObjectId failed for value "undefined" (type string) at path "technicien" for model "Intervention"
[2025-05-14 00:09:01] ERROR: [INTERVENTION] Erreur récupération tâches assignées : Cast to ObjectId failed for value "undefined" (type string) at path "technicien" for model "Intervention"
[2025-05-14 15:07:45] ERROR: [INTERVENTION] Erreur récupération tâches assignées : Cast to ObjectId failed for value "undefined" (type string) at path "technicien" for model "Intervention"
[2025-05-14 15:07:45] ERROR: [INTERVENTION] Erreur récupération tâches assignées : Cast to ObjectId failed for value "undefined" (type string) at path "technicien" for model "Intervention"
[2025-05-14 15:08:00] ERROR: [INTERVENTION] Erreur récupération tâches assignées : Cast to ObjectId failed for value "undefined" (type string) at path "technicien" for model "Intervention"
[2025-05-14 15:08:00] ERROR: [INTERVENTION] Erreur récupération tâches assignées : Cast to ObjectId failed for value "undefined" (type string) at path "technicien" for model "Intervention"
[2025-05-14 15:16:55] ERROR: [INTERVENTION] Erreur récupération tâches assignées : Cast to ObjectId failed for value "undefined" (type string) at path "technicien" for model "Intervention"
[2025-05-14 15:16:55] ERROR: [INTERVENTION] Erreur récupération tâches assignées : Cast to ObjectId failed for value "undefined" (type string) at path "technicien" for model "Intervention"
[2025-05-14 15:18:15] ERROR: [INTERVENTION] Erreur récupération tâches assignées : Cast to ObjectId failed for value "undefined" (type string) at path "technicien" for model "Intervention"
[2025-05-14 15:18:15] ERROR: [INTERVENTION] Erreur récupération tâches assignées : Cast to ObjectId failed for value "undefined" (type string) at path "technicien" for model "Intervention"
[2025-05-14 15:19:20] ERROR: [INTERVENTION] Erreur récupération tâches assignées : Cast to ObjectId failed for value "undefined" (type string) at path "technicien" for model "Intervention"
[2025-05-14 15:19:20] ERROR: [INTERVENTION] Erreur récupération tâches assignées : Cast to ObjectId failed for value "undefined" (type string) at path "technicien" for model "Intervention"
[2025-05-14 15:44:35] ERROR: [INTERVENTION] Erreur récupération tâches assignées : Cast to ObjectId failed for value "undefined" (type string) at path "technicien" for model "Intervention"
[2025-05-14 15:44:35] ERROR: [INTERVENTION] Erreur récupération tâches assignées : Cast to ObjectId failed for value "undefined" (type string) at path "technicien" for model "Intervention"
[2025-05-14 17:16:06] ERROR: [INTERVENTION] Erreur récupération tâches assignées : Cast to ObjectId failed for value "undefined" (type string) at path "technicien" for model "Intervention"
[2025-05-14 17:16:06] ERROR: [INTERVENTION] Erreur récupération tâches assignées : Cast to ObjectId failed for value "undefined" (type string) at path "technicien" for model "Intervention"
[2025-05-14 20:56:47] ERROR: [MACHINE] Erreur création machine : Machine validation failed: dataSheet: Path `dataSheet` is required.
[2025-05-15 01:37:38] ERROR: [RESET PASSWORD] Erreur serveur : Illegal arguments: undefined, string
[2025-05-15 01:38:33] ERROR: [RESET PASSWORD] Erreur serveur : Illegal arguments: undefined, string
[2025-05-15 02:28:51] ERROR: [INTERVENTION] Erreur lors de la définition du calendrier : No matching document found for id "681d34f046c437f8aa840f6d" version 0 modifiedPaths "scheduledDate"
[2025-05-21 12:34:56] ERROR: [PANNE] Erreur déclaration panne : Cast to ObjectId failed for value "MachineB" (type string) at path "_id" for model "Machine"
[2025-05-21 15:53:20] ERROR: [COMMANDE] Erreur création commande : Commande validation failed: statut: `enattente` is not a valid enum value for path `statut`.
[2025-05-21 16:02:14] ERROR: [COMMANDE] Erreur création commande : Commande validation failed: statut: `enattente` is not a valid enum value for path `statut`.
[2025-05-21 16:41:22] ERROR: [COMMANDE] Erreur validation commande : Commande validation failed: statut: `validee` is not a valid enum value for path `statut`.
[2025-05-21 16:41:38] ERROR: [COMMANDE] Erreur validation commande : Commande validation failed: statut: `validee` is not a valid enum value for path `statut`.
[2025-05-21 18:06:02] ERROR: [COMMANDE] Erreur validation commande : Commande validation failed: statut: `validee` is not a valid enum value for path `statut`.
[2025-05-21 18:06:02] ERROR: [COMMANDE] Erreur validation commande : Commande validation failed: statut: `validee` is not a valid enum value for path `statut`.
[2025-05-21 18:06:03] ERROR: [COMMANDE] Erreur validation commande : Commande validation failed: statut: `validee` is not a valid enum value for path `statut`.
[2025-05-21 18:06:06] ERROR: [COMMANDE] Erreur validation commande : Commande validation failed: statut: `validee` is not a valid enum value for path `statut`.
[2025-05-21 18:06:10] ERROR: [COMMANDE] Erreur validation commande : Commande validation failed: statut: `validee` is not a valid enum value for path `statut`.
[2025-05-21 18:06:22] ERROR: [COMMANDE] Erreur validation commande : Commande validation failed: statut: `validee` is not a valid enum value for path `statut`.
